[debug] [2023-02-13T16:03:07.615Z] ----------------------------------------------------------------------
[debug] [2023-02-13T16:03:07.617Z] Command:       C:\Program Files\nodejs\node.exe C:\Users\Usuario\AppData\Roaming\npm\node_modules\firebase-tools\lib\bin\firebase.js init
[debug] [2023-02-13T16:03:07.618Z] CLI Version:   11.22.0
[debug] [2023-02-13T16:03:07.618Z] Platform:      win32
[debug] [2023-02-13T16:03:07.618Z] Node Version:  v16.15.1
[debug] [2023-02-13T16:03:07.619Z] Time:          Mon Feb 13 2023 12:03:07 GMT-0400 (hora estándar del Atlántico)
[debug] [2023-02-13T16:03:07.619Z] ----------------------------------------------------------------------
[debug] 
[debug] [2023-02-13T16:03:07.686Z] > command requires scopes: ["email","openid","https://www.googleapis.com/auth/cloudplatformprojects.readonly","https://www.googleapis.com/auth/firebase","https://www.googleapis.com/auth/cloud-platform"]
[debug] [2023-02-13T16:03:07.686Z] > authorizing via signed-in user (ar8861500@gmail.com)
[info] 
     ######## #### ########  ######## ########     ###     ######  ########
     ##        ##  ##     ## ##       ##     ##  ##   ##  ##       ##
     ######    ##  ########  ######   ########  #########  ######  ######
     ##        ##  ##    ##  ##       ##     ## ##     ##       ## ##
     ##       #### ##     ## ######## ########  ##     ##  ######  ########

You're about to initialize a Firebase project in this directory:

  C:\workspace\PROYECTOS\nuevo-curriculum

Before we get started, keep in mind:

  * You are currently outside your home directory
  * You are initializing within an existing Firebase project directory

[info] 
=== Project Setup
[info] 
[info] First, let's associate this project directory with a Firebase project.
[info] You can create multiple project aliases by running firebase use --add, 
[info] but for now we'll just set up a default project.
[info] 
[debug] [2023-02-13T16:03:32.207Z] Using project from CLI flag: curriculum-923fb
[debug] [2023-02-13T16:03:32.210Z] >>> [apiv2][query] GET https://firebase.googleapis.com/v1beta1/projects/curriculum-923fb [none]
[debug] [2023-02-13T16:03:32.706Z] <<< [apiv2][status] GET https://firebase.googleapis.com/v1beta1/projects/curriculum-923fb 403
[debug] [2023-02-13T16:03:32.706Z] <<< [apiv2][body] GET https://firebase.googleapis.com/v1beta1/projects/curriculum-923fb {"error":{"code":403,"message":"The caller does not have permission","status":"PERMISSION_DENIED"}}
[debug] [2023-02-13T16:03:32.707Z] HTTP Error: 403, The caller does not have permission
[debug] [2023-02-13T16:03:32.708Z] FirebaseError: HTTP Error: 403, The caller does not have permission
    at responseToError (C:\Users\Usuario\AppData\Roaming\npm\node_modules\firebase-tools\lib\responseToError.js:49:12)
    at RetryOperation._fn (C:\Users\Usuario\AppData\Roaming\npm\node_modules\firebase-tools\lib\apiv2.js:288:77)
    at processTicksAndRejections (node:internal/process/task_queues:96:5)
[error] 
[error] Error: Failed to get Firebase project curriculum-923fb. Please make sure the project exists and your account has permission to access it.
[debug] [2023-02-13T16:03:50.505Z] ----------------------------------------------------------------------
[debug] [2023-02-13T16:03:50.507Z] Command:       C:\Program Files\nodejs\node.exe C:\Users\Usuario\AppData\Roaming\npm\node_modules\firebase-tools\lib\bin\firebase.js init
[debug] [2023-02-13T16:03:50.508Z] CLI Version:   11.22.0
[debug] [2023-02-13T16:03:50.508Z] Platform:      win32
[debug] [2023-02-13T16:03:50.508Z] Node Version:  v16.15.1
[debug] [2023-02-13T16:03:50.509Z] Time:          Mon Feb 13 2023 12:03:50 GMT-0400 (hora estándar del Atlántico)
[debug] [2023-02-13T16:03:50.509Z] ----------------------------------------------------------------------
[debug] 
[debug] [2023-02-13T16:03:50.588Z] > command requires scopes: ["email","openid","https://www.googleapis.com/auth/cloudplatformprojects.readonly","https://www.googleapis.com/auth/firebase","https://www.googleapis.com/auth/cloud-platform"]
[debug] [2023-02-13T16:03:50.588Z] > authorizing via signed-in user (ar8861500@gmail.com)
[info] 
     ######## #### ########  ######## ########     ###     ######  ########
     ##        ##  ##     ## ##       ##     ##  ##   ##  ##       ##
     ######    ##  ########  ######   ########  #########  ######  ######
     ##        ##  ##    ##  ##       ##     ## ##     ##       ## ##
     ##       #### ##     ## ######## ########  ##     ##  ######  ########

You're about to initialize a Firebase project in this directory:

  C:\workspace\PROYECTOS\nuevo-curriculum

Before we get started, keep in mind:

  * You are currently outside your home directory
  * You are initializing within an existing Firebase project directory

[info] 
=== Project Setup
[info] 
[info] First, let's associate this project directory with a Firebase project.
[info] You can create multiple project aliases by running firebase use --add, 
[info] but for now we'll just set up a default project.
[info] 
[debug] [2023-02-13T16:03:56.332Z] Using project from CLI flag: curriculum-923fb
[debug] [2023-02-13T16:03:56.335Z] >>> [apiv2][query] GET https://firebase.googleapis.com/v1beta1/projects/curriculum-923fb [none]
[debug] [2023-02-13T16:03:56.707Z] <<< [apiv2][status] GET https://firebase.googleapis.com/v1beta1/projects/curriculum-923fb 403
[debug] [2023-02-13T16:03:56.707Z] <<< [apiv2][body] GET https://firebase.googleapis.com/v1beta1/projects/curriculum-923fb {"error":{"code":403,"message":"The caller does not have permission","status":"PERMISSION_DENIED"}}
[debug] [2023-02-13T16:03:56.708Z] HTTP Error: 403, The caller does not have permission
[debug] [2023-02-13T16:03:56.709Z] FirebaseError: HTTP Error: 403, The caller does not have permission
    at responseToError (C:\Users\Usuario\AppData\Roaming\npm\node_modules\firebase-tools\lib\responseToError.js:49:12)
    at RetryOperation._fn (C:\Users\Usuario\AppData\Roaming\npm\node_modules\firebase-tools\lib\apiv2.js:288:77)
    at processTicksAndRejections (node:internal/process/task_queues:96:5)
[error] 
[error] Error: Failed to get Firebase project curriculum-923fb. Please make sure the project exists and your account has permission to access it.
[debug] [2023-02-13T16:04:56.853Z] ----------------------------------------------------------------------
[debug] [2023-02-13T16:04:56.855Z] Command:       C:\Program Files\nodejs\node.exe C:\Users\Usuario\AppData\Roaming\npm\node_modules\firebase-tools\lib\bin\firebase.js init
[debug] [2023-02-13T16:04:56.855Z] CLI Version:   11.22.0
[debug] [2023-02-13T16:04:56.855Z] Platform:      win32
[debug] [2023-02-13T16:04:56.856Z] Node Version:  v16.15.1
[debug] [2023-02-13T16:04:56.856Z] Time:          Mon Feb 13 2023 12:04:56 GMT-0400 (hora estándar del Atlántico)
[debug] [2023-02-13T16:04:56.857Z] ----------------------------------------------------------------------
[debug] 
[debug] [2023-02-13T16:04:56.930Z] > command requires scopes: ["email","openid","https://www.googleapis.com/auth/cloudplatformprojects.readonly","https://www.googleapis.com/auth/firebase","https://www.googleapis.com/auth/cloud-platform"]
[debug] [2023-02-13T16:04:56.930Z] > authorizing via signed-in user (ar8861500@gmail.com)
[info] 
     ######## #### ########  ######## ########     ###     ######  ########
     ##        ##  ##     ## ##       ##     ##  ##   ##  ##       ##
     ######    ##  ########  ######   ########  #########  ######  ######
     ##        ##  ##    ##  ##       ##     ## ##     ##       ## ##
     ##       #### ##     ## ######## ########  ##     ##  ######  ########

You're about to initialize a Firebase project in this directory:

  C:\workspace\PROYECTOS\nuevo-curriculum

Before we get started, keep in mind:

  * You are currently outside your home directory
  * You are initializing within an existing Firebase project directory

[info] 
=== Project Setup
[info] 
[info] First, let's associate this project directory with a Firebase project.
[info] You can create multiple project aliases by running firebase use --add, 
[info] but for now we'll just set up a default project.
[info] 
[debug] [2023-02-13T16:05:03.430Z] Using project from CLI flag: curriculum-923fb
[debug] [2023-02-13T16:05:03.434Z] >>> [apiv2][query] GET https://firebase.googleapis.com/v1beta1/projects/curriculum-923fb [none]
[debug] [2023-02-13T16:05:03.807Z] <<< [apiv2][status] GET https://firebase.googleapis.com/v1beta1/projects/curriculum-923fb 403
[debug] [2023-02-13T16:05:03.808Z] <<< [apiv2][body] GET https://firebase.googleapis.com/v1beta1/projects/curriculum-923fb {"error":{"code":403,"message":"The caller does not have permission","status":"PERMISSION_DENIED"}}
[debug] [2023-02-13T16:05:03.808Z] HTTP Error: 403, The caller does not have permission
[debug] [2023-02-13T16:05:03.809Z] FirebaseError: HTTP Error: 403, The caller does not have permission
    at responseToError (C:\Users\Usuario\AppData\Roaming\npm\node_modules\firebase-tools\lib\responseToError.js:49:12)
    at RetryOperation._fn (C:\Users\Usuario\AppData\Roaming\npm\node_modules\firebase-tools\lib\apiv2.js:288:77)
    at processTicksAndRejections (node:internal/process/task_queues:96:5)
[error] 
[error] Error: Failed to get Firebase project curriculum-923fb. Please make sure the project exists and your account has permission to access it.
